<?xml version="1.0" encoding="UTF-8"?>
<!-- Generated by org.testng.reporters.JUnitReportReporter -->
<testsuite skipped="0" hostname="DESKTOP-3Q10494" name="Tests.Testtwo" tests="1" failures="0" timestamp="2024-09-13T22:50:30 IST" time="47.770" errors="0">
  <testcase name="Test2" time="47.770" classname="Tests.Testtwo"/>
  <system-out/>
</testsuite> <!-- Tests.Testtwo -->
