<?xml version="1.0" encoding="UTF-8"?>
<!-- Generated by org.testng.reporters.JUnitReportReporter -->
<testsuite hostname="DESKTOP-D316B3V" failures="0" tests="2" name="Tests.CucumberRunner" time="29.623" errors="0" timestamp="2024-09-25T11:36:40 GMT-07:00" skipped="0">
  <testcase classname="Tests.CucumberRunner" name="runScenario" time="14.146"/>
  <system-out/>
  <testcase classname="Tests.CucumberRunner" name="runScenario" time="15.477"/>
  <system-out/>
</testsuite> <!-- Tests.CucumberRunner -->
