<?xml version="1.0" encoding="UTF-8"?>
<!-- Generated by org.testng.reporters.JUnitReportReporter -->
<testsuite skipped="0" hostname="DESKTOP-3Q10494" name="Tests.ABC" tests="1" failures="0" timestamp="2024-09-15T22:29:33 IST" time="0.012" errors="0">
  <testcase name="method" time="0.012" classname="Tests.ABC"/>
  <system-out/>
</testsuite> <!-- Tests.ABC -->
